[2025-07-11T14:30:22.758Z] [32minfo[39m: [32m✅ Servidor HTTPS corriendo en: https://localhost:8080[39m
[2025-07-11T14:30:24.793Z] [32minfo[39m: [32m✅ Servidor HTTPS corriendo en: https://localhost:8080[39m
[2025-07-11T14:38:46.310Z] [32minfo[39m: [32m✅ Servidor HTTPS corriendo en: https://localhost:8080[39m
[2025-07-11T14:40:17.879Z] [32minfo[39m: [32m✅ Servidor HTTPS corriendo en: https://localhost:8080[39m
[2025-07-11T14:43:53.211Z] [32minfo[39m: [32m✅ Servidor HTTPS corriendo en: https://localhost:8080[39m
[2025-07-11T14:48:57.820Z] [32minfo[39m: [32m✅ Servidor HTTPS corriendo en: https://localhost:8080[39m
[2025-07-11T14:49:01.535Z] [36mhttp[39m: [36mmetodo: GET 	 undefined[39m
[2025-07-11T14:49:29.166Z] [32minfo[39m: [32m✅ Servidor HTTPS corriendo en: https://localhost:8080[39m
[2025-07-11T14:53:39.495Z] [32minfo[39m: [32m✅ Servidor HTTPS corriendo en: https://localhost:8080[39m
[2025-07-11T14:54:55.407Z] [32minfo[39m: [32m✅ Servidor HTTPS corriendo en: https://localhost:8080[39m
[2025-07-11T14:58:37.396Z] [32minfo[39m: [32m✅ Servidor HTTPS corriendo en: https://localhost:8080[39m
[2025-07-11T14:59:51.548Z] [36mhttp[39m: [36mmetodo: GET Ruta solicitada /[39m
[2025-07-11T15:02:08.804Z] [32minfo[39m: [32m✅ Servidor HTTPS corriendo en: https://localhost:8080[39m
[2025-07-11T15:02:12.567Z] [31merror[39m: [31muser not found[39m
[2025-07-11T15:03:30.618Z] [31merror[39m: [31muser not found[39m
[2025-07-11T15:05:37.767Z] [36mhttp[39m: [36mmetodo: GET Ruta solicitada /[39m
[2025-07-11T15:06:26.559Z] [31merror[39m: [31muser not found[39m
[2025-07-11T15:06:36.763Z] [31merror[39m: [31muser not found[39m
[2025-07-11T15:07:34.610Z] [32minfo[39m: [32m✅ Servidor HTTPS corriendo en: https://localhost:8080[39m
[2025-07-11T15:08:28.507Z] [36mhttp[39m: [36madoption success 	 POST[39m
[2025-07-11T15:08:35.618Z] [36mhttp[39m: [36mmetodo: GET Ruta solicitada /[39m
[2025-07-11T15:10:13.619Z] [32minfo[39m: [32m✅ Servidor HTTPS corriendo en: https://localhost:8080[39m
[2025-07-11T15:10:43.039Z] [31merror[39m: [31merror adoption not found[39m
[2025-07-11T15:10:43.051Z] [36mhttp[39m: [36mmetodo: GET route /:aid[39m
[2025-07-11T15:11:46.029Z] [32minfo[39m: [32m✅ Servidor HTTPS corriendo en: https://localhost:8080[39m
[2025-07-11T15:11:49.026Z] [32minfo[39m: [32m✅ Servidor HTTPS corriendo en: https://localhost:8080[39m
[2025-07-11T15:44:55.856Z] [32minfo[39m: [32m✅ Servidor HTTPS corriendo en: https://localhost:8080[39m
[2025-07-11T15:44:58.416Z] [32minfo[39m: [32m✅ Servidor HTTPS corriendo en: https://localhost:8080[39m
[2025-07-11T16:36:13.054Z] [36mhttp[39m: [36mmetodo: GET route /[39m
[2025-07-11T16:36:13.092Z] [31merror[39m: [31merror adoption not found[39m
[2025-07-11T16:36:13.096Z] [36mhttp[39m: [36mmetodo: GET route /:aid[39m
[2025-07-11T16:36:13.109Z] [31merror[39m: [31madoption not found[39m
[2025-07-11T16:36:13.122Z] [36mhttp[39m: [36madoption success 	request method POST ruote /:uid/:pid[39m
[2025-07-11T16:36:13.131Z] [31merror[39m: [31muser not found[39m
[2025-07-11T16:36:13.140Z] [31merror[39m: [31mpet not found[39m
[2025-07-11T16:46:32.084Z] [32minfo[39m: [32m✅ Servidor HTTPS corriendo en: https://localhost:8080[39m
[2025-07-11T16:54:53.913Z] [32minfo[39m: [32m✅ Servidor HTTPS corriendo en: https://localhost:8080[39m
[2025-07-11T16:54:56.622Z] [32minfo[39m: [32m✅ Servidor HTTPS corriendo en: https://localhost:8080[39m
[2025-07-11T16:59:26.875Z] [32minfo[39m: [32m✅ Servidor HTTPS corriendo en: https://localhost:8080[39m
[2025-07-11T17:00:58.793Z] [32minfo[39m: [32m✅ Servidor HTTPS corriendo en: https://localhost:8080[39m
[2025-07-11T17:02:08.801Z] [32minfo[39m: [32m✅ Servidor HTTPS corriendo en: https://localhost:8080[39m
[2025-07-11T17:02:32.783Z] [32minfo[39m: [32m✅ Servidor HTTPS corriendo en: https://localhost:8080[39m
[2025-07-11T17:03:01.660Z] [32minfo[39m: [32m✅ Servidor HTTPS corriendo en: https://localhost:8080[39m
[2025-07-11T17:03:54.218Z] [32minfo[39m: [32m✅ Servidor HTTPS corriendo en: https://localhost:8080[39m
[2025-07-11T17:05:19.931Z] [32minfo[39m: [32m✅ Servidor HTTPS corriendo en: https://localhost:8080[39m
[2025-07-11T17:06:53.156Z] [32minfo[39m: [32m✅ Servidor HTTPS corriendo en: https://localhost:8080[39m
[2025-07-11T17:07:37.149Z] [32minfo[39m: [32m✅ Servidor HTTPS corriendo en: https://localhost:8080[39m
[2025-07-11T17:07:59.450Z] [32minfo[39m: [32m✅ Servidor HTTPS corriendo en: https://localhost:8080[39m
[2025-07-11T17:11:30.862Z] [32minfo[39m: [32m✅ Servidor HTTPS corriendo en: https://localhost:8080[39m
[2025-07-11T17:11:57.940Z] [32minfo[39m: [32m✅ Servidor HTTPS corriendo en: https://localhost:8080[39m
[2025-07-11T17:12:34.060Z] [32minfo[39m: [32m✅ Servidor HTTPS corriendo en: https://localhost:8080[39m
[2025-07-11T17:12:43.665Z] [32minfo[39m: [32m✅ Servidor HTTPS corriendo en: https://localhost:8080[39m
[2025-07-11T17:13:08.117Z] [32minfo[39m: [32m✅ Servidor HTTPS corriendo en: https://localhost:8080[39m
[2025-07-11T17:13:20.663Z] [32minfo[39m: [32m✅ Servidor HTTPS corriendo en: https://localhost:8080[39m
[2025-07-11T17:14:15.854Z] [32minfo[39m: [32m✅ Servidor HTTPS corriendo en: https://localhost:8080[39m
[2025-07-11T17:16:40.731Z] [32minfo[39m: [32m✅ Servidor HTTPS corriendo en: https://localhost:8080[39m
[2025-07-11T17:18:57.981Z] [32minfo[39m: [32m✅ Servidor HTTPS corriendo en: https://localhost:8080[39m
[2025-07-11T17:19:14.612Z] [32minfo[39m: [32m✅ Servidor HTTPS corriendo en: https://localhost:8080[39m
[2025-07-11T17:23:15.186Z] [32minfo[39m: [32m✅ Servidor HTTPS corriendo en: https://localhost:8080[39m
[2025-07-11T17:24:53.130Z] [32minfo[39m: [32m✅ Servidor HTTPS corriendo en: https://localhost:8080[39m
[2025-07-11T17:26:32.519Z] [32minfo[39m: [32m✅ Servidor HTTPS corriendo en: https://localhost:8080[39m
[2025-07-11T17:29:07.617Z] [32minfo[39m: [32m✅ Servidor HTTPS corriendo en: https://localhost:8080[39m
[2025-07-11T17:30:05.911Z] [32minfo[39m: [32m✅ Servidor HTTPS corriendo en: https://localhost:8080[39m
[2025-07-11T17:31:41.397Z] [32minfo[39m: [32m✅ Servidor HTTPS corriendo en: https://localhost:8080[39m
[2025-07-11T17:32:50.500Z] [32minfo[39m: [32m✅ Servidor HTTPS corriendo en: https://localhost:8080[39m
[2025-07-11T17:33:09.361Z] [32minfo[39m: [32m✅ Servidor HTTPS corriendo en: https://localhost:8080[39m
[2025-07-11T17:33:45.910Z] [32minfo[39m: [32m✅ Servidor HTTPS corriendo en: https://localhost:8080[39m
[2025-07-11T17:35:40.498Z] [32minfo[39m: [32m✅ Servidor HTTPS corriendo en: https://localhost:8080[39m
[2025-07-11T17:36:02.077Z] [32minfo[39m: [32m✅ Servidor HTTPS corriendo en: https://localhost:8080[39m
[2025-07-11T17:36:56.845Z] [32minfo[39m: [32m✅ Servidor HTTPS corriendo en: https://localhost:8080[39m
[2025-07-11T17:37:00.138Z] [32minfo[39m: [32m✅ Servidor HTTPS corriendo en: https://localhost:8080[39m
[2025-07-11T17:37:45.366Z] [32minfo[39m: [32m✅ Servidor HTTPS corriendo en: https://localhost:8080[39m
[2025-07-11T17:39:30.933Z] [32minfo[39m: [32m✅ Servidor HTTPS corriendo en: https://localhost:8080[39m
[2025-07-11T17:40:28.990Z] [32minfo[39m: [32m✅ Servidor HTTPS corriendo en: https://localhost:8080[39m
[2025-07-11T17:42:02.404Z] [32minfo[39m: [32m✅ Servidor HTTPS corriendo en: https://localhost:8080[39m
[2025-07-11T17:42:32.143Z] [32minfo[39m: [32m✅ Servidor HTTPS corriendo en: https://localhost:8080[39m
[2025-07-11T17:44:05.405Z] [32minfo[39m: [32m✅ Servidor HTTPS corriendo en: https://localhost:8080[39m
[2025-07-11T17:44:37.112Z] [32minfo[39m: [32m✅ Servidor HTTPS corriendo en: https://localhost:8080[39m
[2025-07-11T17:44:43.794Z] [32minfo[39m: [32m✅ Servidor HTTPS corriendo en: https://localhost:8080[39m
[2025-07-11T17:45:27.806Z] [32minfo[39m: [32m✅ Servidor HTTPS corriendo en: https://localhost:8080[39m
[2025-07-11T17:46:22.389Z] [32minfo[39m: [32m✅ Servidor HTTPS corriendo en: https://localhost:8080[39m
[2025-07-11T17:46:54.583Z] [32minfo[39m: [32m✅ Servidor HTTPS corriendo en: https://localhost:8080[39m
[2025-07-11T17:50:59.941Z] [32minfo[39m: [32m✅ Servidor HTTPS corriendo en: https://localhost:8080[39m
[2025-07-11T17:51:02.991Z] [32minfo[39m: [32m✅ Servidor HTTPS corriendo en: https://localhost:8080[39m
[2025-07-11T17:54:32.386Z] [32minfo[39m: [32m✅ Servidor HTTPS corriendo en: https://localhost:8080[39m
[2025-07-11T17:57:48.326Z] [32minfo[39m: [32m✅ Servidor HTTPS corriendo en: https://localhost:8080[39m
[2025-07-11T17:57:50.989Z] [32minfo[39m: [32m✅ Servidor HTTPS corriendo en: https://localhost:8080[39m
[2025-07-11T19:47:12.658Z] [32minfo[39m: [32m✅ Servidor HTTPS corriendo en: https://localhost:8080[39m
[2025-07-11T19:47:16.799Z] [32minfo[39m: [32m✅ Servidor HTTPS corriendo en: https://localhost:8080[39m
[2025-07-11T19:49:35.881Z] [32minfo[39m: [32m✅ Servidor HTTPS corriendo en: https://localhost:8080[39m
[2025-07-11T19:51:04.705Z] [32minfo[39m: [32m✅ Servidor HTTPS corriendo en: https://localhost:8080[39m
[2025-07-11T19:51:43.297Z] [32minfo[39m: [32m✅ Servidor HTTPS corriendo en: https://localhost:8080[39m
[2025-07-11T19:52:55.378Z] [32minfo[39m: [32m✅ Servidor HTTPS corriendo en: https://localhost:8080[39m
[2025-07-11T19:53:32.571Z] [32minfo[39m: [32m✅ Servidor HTTPS corriendo en: https://localhost:8080[39m
[2025-07-11T19:54:28.477Z] [32minfo[39m: [32m✅ Servidor HTTPS corriendo en: https://localhost:8080[39m
[2025-07-11T19:55:02.786Z] [32minfo[39m: [32m✅ Servidor HTTPS corriendo en: https://localhost:8080[39m
[2025-07-11T19:58:29.308Z] [32minfo[39m: [32m✅ Servidor HTTPS corriendo en: https://localhost:8080[39m
[2025-07-11T20:02:08.501Z] [32minfo[39m: [32m✅ Servidor HTTPS corriendo en: https://localhost:8080[39m
[2025-07-11T20:02:54.097Z] [36mhttp[39m: [36mmetodo: GET route /[39m
[2025-07-11T20:03:24.321Z] [32minfo[39m: [32m✅ Servidor HTTPS corriendo en: https://localhost:8080[39m
[2025-07-11T20:05:53.470Z] [32minfo[39m: [32m✅ Servidor HTTPS corriendo en: https://localhost:8080[39m
[2025-07-11T20:06:00.042Z] [32minfo[39m: [32m✅ Servidor HTTPS corriendo en: https://localhost:8080[39m
[2025-07-11T20:07:28.771Z] [32minfo[39m: [32m✅ Servidor HTTPS corriendo en: https://localhost:8080[39m
[2025-07-11T20:09:06.343Z] [36mhttp[39m: [36mmetodo: GET route /[39m
[2025-07-11T20:09:49.445Z] [36mhttp[39m: [36mmetodo: GET route /[39m
[2025-07-11T20:10:23.578Z] [32minfo[39m: [32m✅ Servidor HTTPS corriendo en: https://localhost:8080[39m
[2025-07-11T20:10:27.070Z] [36mhttp[39m: [36mmetodo: GET route /[39m
[2025-07-11T20:10:28.465Z] [36mhttp[39m: [36mmetodo: GET route /[39m
[2025-07-11T20:10:42.844Z] [36mhttp[39m: [36mmetodo: GET route /[39m
[2025-07-11T20:11:07.087Z] [32minfo[39m: [32m✅ Servidor HTTPS corriendo en: https://localhost:8080[39m
[2025-07-11T20:11:13.092Z] [36mhttp[39m: [36mmetodo: GET route /[39m
[2025-07-11T20:11:14.791Z] [36mhttp[39m: [36mmetodo: GET route /[39m
[2025-07-11T20:11:36.897Z] [31merror[39m: [31merror adoption not found[39m
[2025-07-11T20:11:36.900Z] [36mhttp[39m: [36mmetodo: GET route /:aid[39m
[2025-07-11T20:12:30.735Z] [32minfo[39m: [32m✅ Servidor HTTPS corriendo en: https://localhost:8080[39m
[2025-07-11T20:12:38.515Z] [31merror[39m: [31merror adoption not found[39m
[2025-07-11T20:12:38.527Z] [36mhttp[39m: [36mmetodo: GET route /:aid[39m
[2025-07-11T20:13:16.632Z] [32minfo[39m: [32m✅ Servidor HTTPS corriendo en: https://localhost:8080[39m
[2025-07-11T20:13:30.778Z] [32minfo[39m: [32m✅ Servidor HTTPS corriendo en: https://localhost:8080[39m
[2025-07-11T20:13:39.320Z] [31merror[39m: [31merror adoption not found[39m
[2025-07-11T20:13:39.328Z] [36mhttp[39m: [36mmetodo: GET route /:aid[39m
[2025-07-11T20:15:11.982Z] [32minfo[39m: [32m✅ Servidor HTTPS corriendo en: https://localhost:8080[39m
[2025-07-11T20:15:16.115Z] [31merror[39m: [31madoption not found[39m
[2025-07-11T20:15:24.438Z] [31merror[39m: [31madoption not found[39m
[2025-07-11T20:15:25.016Z] [31merror[39m: [31madoption not found[39m
[2025-07-11T20:18:21.703Z] [32minfo[39m: [32m✅ Servidor HTTPS corriendo en: https://localhost:8080[39m
[2025-07-11T20:18:32.244Z] [36mhttp[39m: [36mmetodo: GET route /[39m
[2025-07-11T20:45:02.890Z] [36mhttp[39m: [36mmetodo: GET route /[39m
[2025-07-14T00:17:32.622Z] [32minfo[39m: [32m✅ Servidor HTTPS corriendo en: https://localhost:8080[39m
